INFO  22-10-23 01:37:53[restartedMain] [CatPriceApplication:55] - Starting CatPriceApplication using Java 17.0.4.1 on mintdt with PID 1880 (E:\Development\TestMarket\MarketPrice_Web\CatPrice\build\classes\java\main started by mintw in E:\Development\TestMarket\MarketPrice_Web\CatPrice)
INFO  22-10-23 01:37:53[restartedMain] [CatPriceApplication:634] - No active profile set, falling back to 1 default profile: "default"
INFO  22-10-23 01:37:53[restartedMain] [DevToolsPropertyDefaultsPostProcessor:255] - Devtools property defaults active! Set 'spring.devtools.add-properties' to 'false' to disable
INFO  22-10-23 01:37:53[restartedMain] [DevToolsPropertyDefaultsPostProcessor:255] - For additional web related logging consider setting the 'logging.level.web' property to 'DEBUG'
INFO  22-10-23 01:37:54[restartedMain] [TomcatWebServer:108] - Tomcat initialized with port(s): 80 (http)
INFO  22-10-23 01:37:54[restartedMain] [Http11NioProtocol:173] - Initializing ProtocolHandler ["http-nio-80"]
INFO  22-10-23 01:37:54[restartedMain] [StandardService:173] - Starting service [Tomcat]
INFO  22-10-23 01:37:54[restartedMain] [StandardEngine:173] - Starting Servlet engine: [Apache Tomcat/9.0.65]
INFO  22-10-23 01:37:54[restartedMain] [[/]:173] - Initializing Spring embedded WebApplicationContext
INFO  22-10-23 01:37:54[restartedMain] [ServletWebServerApplicationContext:292] - Root WebApplicationContext: initialization completed in 786 ms
INFO  22-10-23 01:37:54[restartedMain] [OptionalLiveReloadServer:59] - LiveReload server is running on port 35729
INFO  22-10-23 01:37:54[restartedMain] [Http11NioProtocol:173] - Starting ProtocolHandler ["http-nio-80"]
INFO  22-10-23 01:37:54[restartedMain] [TomcatWebServer:220] - Tomcat started on port(s): 80 (http) with context path ''
INFO  22-10-23 01:37:54[restartedMain] [CatPriceApplication:61] - Started CatPriceApplication in 1.537 seconds (JVM running for 2.0)
INFO  22-10-23 01:37:54[http-nio-80-exec-1] [[/]:173] - Initializing Spring DispatcherServlet 'dispatcherServlet'
INFO  22-10-23 01:37:54[http-nio-80-exec-1] [DispatcherServlet:525] - Initializing Servlet 'dispatcherServlet'
INFO  22-10-23 01:37:54[http-nio-80-exec-1] [DispatcherServlet:547] - Completed initialization in 1 ms
INFO  22-10-23 01:37:54[http-nio-80-exec-1] [HikariDataSource:110] - HikariPool-1 - Starting...
INFO  22-10-23 01:37:54[http-nio-80-exec-1] [HikariDataSource:123] - HikariPool-1 - Start completed.
INFO  22-10-23 01:39:21[SpringApplicationShutdownHook] [HikariDataSource:350] - HikariPool-1 - Shutdown initiated...
INFO  22-10-23 01:39:21[SpringApplicationShutdownHook] [HikariDataSource:352] - HikariPool-1 - Shutdown completed.
INFO  22-10-23 01:39:24[restartedMain] [CatPriceApplication:55] - Starting CatPriceApplication using Java 17.0.4.1 on mintdt with PID 10276 (E:\Development\TestMarket\MarketPrice_Web\CatPrice\build\classes\java\main started by mintw in E:\Development\TestMarket\MarketPrice_Web\CatPrice)
INFO  22-10-23 01:39:24[restartedMain] [CatPriceApplication:634] - No active profile set, falling back to 1 default profile: "default"
INFO  22-10-23 01:39:24[restartedMain] [DevToolsPropertyDefaultsPostProcessor:255] - Devtools property defaults active! Set 'spring.devtools.add-properties' to 'false' to disable
INFO  22-10-23 01:39:24[restartedMain] [DevToolsPropertyDefaultsPostProcessor:255] - For additional web related logging consider setting the 'logging.level.web' property to 'DEBUG'
INFO  22-10-23 01:39:24[restartedMain] [TomcatWebServer:108] - Tomcat initialized with port(s): 80 (http)
INFO  22-10-23 01:39:24[restartedMain] [Http11NioProtocol:173] - Initializing ProtocolHandler ["http-nio-80"]
INFO  22-10-23 01:39:24[restartedMain] [StandardService:173] - Starting service [Tomcat]
INFO  22-10-23 01:39:24[restartedMain] [StandardEngine:173] - Starting Servlet engine: [Apache Tomcat/9.0.65]
INFO  22-10-23 01:39:24[restartedMain] [[/]:173] - Initializing Spring embedded WebApplicationContext
INFO  22-10-23 01:39:24[restartedMain] [ServletWebServerApplicationContext:292] - Root WebApplicationContext: initialization completed in 719 ms
INFO  22-10-23 01:39:25[restartedMain] [OptionalLiveReloadServer:59] - LiveReload server is running on port 35729
INFO  22-10-23 01:39:25[restartedMain] [Http11NioProtocol:173] - Starting ProtocolHandler ["http-nio-80"]
INFO  22-10-23 01:39:25[restartedMain] [TomcatWebServer:220] - Tomcat started on port(s): 80 (http) with context path ''
INFO  22-10-23 01:39:25[restartedMain] [CatPriceApplication:61] - Started CatPriceApplication in 1.5 seconds (JVM running for 1.945)
INFO  22-10-23 01:39:26[http-nio-80-exec-1] [[/]:173] - Initializing Spring DispatcherServlet 'dispatcherServlet'
INFO  22-10-23 01:39:26[http-nio-80-exec-1] [DispatcherServlet:525] - Initializing Servlet 'dispatcherServlet'
INFO  22-10-23 01:39:26[http-nio-80-exec-1] [DispatcherServlet:547] - Completed initialization in 1 ms
INFO  22-10-23 01:39:26[http-nio-80-exec-1] [HikariDataSource:110] - HikariPool-1 - Starting...
INFO  22-10-23 01:39:26[http-nio-80-exec-1] [HikariDataSource:123] - HikariPool-1 - Start completed.
INFO  22-10-23 01:40:42[SpringApplicationShutdownHook] [HikariDataSource:350] - HikariPool-1 - Shutdown initiated...
INFO  22-10-23 01:40:42[SpringApplicationShutdownHook] [HikariDataSource:352] - HikariPool-1 - Shutdown completed.
